<?xml version="1.0" encoding="UTF-8" ?>
<testsuite errors="0" failures="0" hostname="DESKTOP-AJQA8Q9" name="at.fhj.swd.konfmana.StringQueueTest" skipped="0" tests="9" time="0.067" timestamp="2016-06-17T01:38:40">
  <properties>
    <property name="java.vendor" value="Oracle Corporation" />
    <property name="libs" value="C:\Users\Marina\git\konfmana_ue05\ue05/libs" />
    <property name="sun.java.launcher" value="SUN_STANDARD" />
    <property name="eclipse.pdebuild.templates" value="/C:/Users/Marina/Downloads/eclipse-jee-mars-2-win32-x86_64/eclipse/plugins/org.eclipse.pde.build_3.9.100.v20150521-1524/templates/" />
    <property name="sun.management.compiler" value="HotSpot 64-Bit Tiered Compilers" />
    <property name="os.name" value="Windows 10" />
    <property name="sun.boot.class.path" value="C:\Program Files\Java\jdk1.8.0_77\jre\lib\resources.jar;C:\Program Files\Java\jdk1.8.0_77\jre\lib\rt.jar;C:\Program Files\Java\jdk1.8.0_77\jre\lib\sunrsasign.jar;C:\Program Files\Java\jdk1.8.0_77\jre\lib\jsse.jar;C:\Program Files\Java\jdk1.8.0_77\jre\lib\jce.jar;C:\Program Files\Java\jdk1.8.0_77\jre\lib\charsets.jar;C:\Program Files\Java\jdk1.8.0_77\jre\lib\jfr.jar;C:\Program Files\Java\jdk1.8.0_77\jre\classes" />
    <property name="sun.desktop" value="windows" />
    <property name="java.vm.specification.vendor" value="Oracle Corporation" />
    <property name="ant.home" value="C:\Users\Marina\Downloads\eclipse-jee-mars-2-win32-x86_64\eclipse\plugins\org.apache.ant_1.9.6.v201510161327" />
    <property name="java.runtime.version" value="1.8.0_77-b03" />
    <property name="target.classes" value="C:\Users\Marina\git\konfmana_ue05\ue05/build/classes" />
    <property name="user.name" value="Marina" />
    <property name="target.junit" value="C:\Users\Marina\git\konfmana_ue05\ue05/build/junit" />
    <property name="reports" value="C:\Users\Marina\git\konfmana_ue05\ue05/build/docs" />
    <property name="user.language" value="de" />
    <property name="sun.boot.library.path" value="C:\Program Files\Java\jdk1.8.0_77\jre\bin" />
    <property name="ant.project.default-target" value="junit" />
    <property name="ant.project.name" value="ue05 Junit and Javadoc with ANT" />
    <property name="java.version" value="1.8.0_77" />
    <property name="user.timezone" value="" />
    <property name="sun.arch.data.model" value="64" />
    <property name="java.endorsed.dirs" value="C:\Program Files\Java\jdk1.8.0_77\jre\lib\endorsed" />
    <property name="sun.cpu.isalist" value="amd64" />
    <property name="sun.jnu.encoding" value="Cp1252" />
    <property name="file.encoding.pkg" value="sun.io" />
    <property name="file.separator" value="\" />
    <property name="java.specification.name" value="Java Platform API Specification" />
    <property name="java.class.version" value="52.0" />
    <property name="src" value="C:\Users\Marina\git\konfmana_ue05\ue05/src" />
    <property name="user.country" value="AT" />
    <property name="java.home" value="C:\Program Files\Java\jdk1.8.0_77\jre" />
    <property name="ant.file.ue05 Junit and Javadoc with ANT" value="C:\Users\Marina\git\konfmana_ue05\ue05\build.xml" />
    <property name="java.vm.info" value="mixed mode" />
    <property name="ant.file" value="C:\Users\Marina\git\konfmana_ue05\ue05\build.xml" />
    <property name="os.version" value="10.0" />
    <property name="path.separator" value=";" />
    <property name="java.vm.version" value="25.77-b03" />
    <property name="user.variant" value="" />
    <property name="ant.library.dir" value="C:\Users\Marina\Downloads\eclipse-jee-mars-2-win32-x86_64\eclipse\plugins\org.apache.ant_1.9.6.v201510161327\lib" />
    <property name="java.awt.printerjob" value="sun.awt.windows.WPrinterJob" />
    <property name="sun.io.unicode.encoding" value="UnicodeLittle" />
    <property name="awt.toolkit" value="sun.awt.windows.WToolkit" />
    <property name="packages" value="at.fhj.swd.konfmana.*" />
    <property name="user.script" value="" />
    <property name="eclipse.pdebuild.scripts" value="/C:/Users/Marina/Downloads/eclipse-jee-mars-2-win32-x86_64/eclipse/plugins/org.eclipse.pde.build_3.9.100.v20150521-1524/scripts/" />
    <property name="user.home" value="C:\Users\Marina" />
    <property name="target" value="C:\Users\Marina\git\konfmana_ue05\ue05/build" />
    <property name="java.specification.vendor" value="Oracle Corporation" />
    <property name="test" value="C:\Users\Marina\git\konfmana_ue05\ue05/test" />
    <property name="java.library.path" value="C:\Program Files\Java\jdk1.8.0_77\jre\bin;C:\Windows\Sun\Java\bin;C:\Windows\system32;C:\Windows;C:/Program Files/Java/jre1.8.0_91/bin/server;C:/Program Files/Java/jre1.8.0_91/bin;C:/Program Files/Java/jre1.8.0_91/lib/amd64;C:\ProgramData\Oracle\Java\javapath;C:\Windows\system32;C:\Windows;C:\Windows\System32\Wbem;C:\Windows\System32\WindowsPowerShell\v1.0\;C:\Program Files\TortoiseSVN\bin;C:\Program Files (x86)\Skype\Phone\;C:\Program Files\Git\cmd;C:\Program Files\TortoiseGit\bin;C:\Users\Marina\Downloads\eclipse-jee-mars-2-win32-x86_64\eclipse;;." />
    <property name="java.vendor.url" value="http://java.oracle.com/" />
    <property name="java.vm.vendor" value="Oracle Corporation" />
    <property name="java.runtime.name" value="Java(TM) SE Runtime Environment" />
    <property name="sun.java.command" value="org.apache.tools.ant.taskdefs.optional.junit.JUnitTestRunner at.fhj.swd.konfmana.StringQueueTest skipNonTests=false filtertrace=true haltOnError=false haltOnFailure=true formatter=org.apache.tools.ant.taskdefs.optional.junit.SummaryJUnitResultFormatter showoutput=true outputtoformatters=true logfailedtests=true threadid=0 logtestlistenerevents=false formatter=org.apache.tools.ant.taskdefs.optional.junit.XMLJUnitResultFormatter,C:\Users\Marina\git\konfmana_ue05\ue05\build\docs\TEST-at.fhj.swd.konfmana.StringQueueTest.xml crashfile=C:\Users\Marina\git\konfmana_ue05\ue05\junitvmwatcher8546534554571291478.properties propsfile=C:\Users\Marina\git\konfmana_ue05\ue05\junit8288832109147279380.properties" />
    <property name="java.class.path" value="C:\Users\Marina\git\konfmana_ue05\ue05\libs\junit.jar;C:\Users\Marina\git\konfmana_ue05\ue05\libs\org.hamcrest.core_1.3.0.v201303031735.jar;C:\Users\Marina\git\konfmana_ue05\ue05\build\classes;C:\Users\Marina\git\konfmana_ue05\ue05\build\junit;C:\Users\Marina\Downloads\eclipse-jee-mars-2-win32-x86_64\eclipse\plugins\org.apache.ant_1.9.6.v201510161327\lib\ant-launcher.jar;C:\Users\Marina\Downloads\eclipse-jee-mars-2-win32-x86_64\eclipse\plugins\org.apache.ant_1.9.6.v201510161327\lib\ant.jar;C:\Users\Marina\Downloads\eclipse-jee-mars-2-win32-x86_64\eclipse\plugins\org.apache.ant_1.9.6.v201510161327\lib\ant-junit.jar;C:\Users\Marina\Downloads\eclipse-jee-mars-2-win32-x86_64\eclipse\plugins\org.apache.ant_1.9.6.v201510161327\lib\ant-junit4.jar" />
    <property name="ant.version" value="Apache Ant(TM) version 1.9.6 compiled on June 29 2015" />
    <property name="ant.file.type.ue05 Junit and Javadoc with ANT" value="file" />
    <property name="java.vm.specification.name" value="Java Virtual Machine Specification" />
    <property name="java.vm.specification.version" value="1.8" />
    <property name="sun.cpu.endian" value="little" />
    <property name="sun.os.patch.level" value="" />
    <property name="eclipse.pdebuild.home" value="/C:/Users/Marina/Downloads/eclipse-jee-mars-2-win32-x86_64/eclipse/plugins/org.eclipse.pde.build_3.9.100.v20150521-1524/./" />
    <property name="java.io.tmpdir" value="C:\Users\Marina\AppData\Local\Temp\" />
    <property name="java.vendor.url.bug" value="http://bugreport.sun.com/bugreport/" />
    <property name="os.arch" value="amd64" />
    <property name="java.awt.graphicsenv" value="sun.awt.Win32GraphicsEnvironment" />
    <property name="java.ext.dirs" value="C:\Program Files\Java\jdk1.8.0_77\jre\lib\ext;C:\Windows\Sun\Java\lib\ext" />
    <property name="user.dir" value="C:\Users\Marina\git\konfmana_ue05\ue05" />
    <property name="line.separator" value="&#xd;&#xa;" />
    <property name="java.vm.name" value="Java HotSpot(TM) 64-Bit Server VM" />
    <property name="basedir" value="C:\Users\Marina\git\konfmana_ue05\ue05" />
    <property name="ant.java.version" value="1.8" />
    <property name="ant.core.lib" value="C:\Users\Marina\Downloads\eclipse-jee-mars-2-win32-x86_64\eclipse\plugins\org.apache.ant_1.9.6.v201510161327\lib\ant.jar" />
    <property name="file.encoding" value="Cp1252" />
    <property name="java.specification.version" value="1.8" />
    <property name="ant.project.invoked-targets" value="everything" />
  </properties>
  <testcase classname="at.fhj.swd.konfmana.StringQueueTest" name="testElement" time="0.002" />
  <testcase classname="at.fhj.swd.konfmana.StringQueueTest" name="testNegativeMaxQueueSize" time="0.001" />
  <testcase classname="at.fhj.swd.konfmana.StringQueueTest" name="testOfferPoll" time="0.0" />
  <testcase classname="at.fhj.swd.konfmana.StringQueueTest" name="testOffer" time="0.0" />
  <testcase classname="at.fhj.swd.konfmana.StringQueueTest" name="testPeek" time="0.0" />
  <testcase classname="at.fhj.swd.konfmana.StringQueueTest" name="testPoll" time="0.0" />
  <testcase classname="at.fhj.swd.konfmana.StringQueueTest" name="testQueueTooSmall" time="0.001" />
  <testcase classname="at.fhj.swd.konfmana.StringQueueTest" name="testZeroMaxQueueSize" time="0.0" />
  <testcase classname="at.fhj.swd.konfmana.StringQueueTest" name="testRemove" time="0.0" />
  <system-out><![CDATA[]]></system-out>
  <system-err><![CDATA[]]></system-err>
</testsuite>
